<?xml version="1.0" encoding="UTF-8"?>
<!-- Generated by org.testng.reporters.JUnitXMLReporter -->
<testsuite hostname="SIYABONGAM" name="Default test" tests="3" failures="0" timestamp="27 Aug 2018 15:18:04 GMT" time="17.062" errors="0">
  <testcase name="basePageNavigation" time="0.014" classname="GlobalK.LoginAccount"/>
  <testcase name="basePageNavigation" time="2.737" classname="GlobalK.LoginAccount"/>
  <testcase name="basePageNavigation" time="3.222" classname="GlobalK.LoginAccount"/>
</testsuite> <!-- Default test -->
