<?xml version="1.0" encoding="UTF-8"?>
<testng-results skipped="0" failed="0" total="1" passed="1">
  <reporter-output>
  </reporter-output>
  <suite name="Default suite" duration-ms="5912" started-at="2018-08-22T15:52:42Z" finished-at="2018-08-22T15:52:48Z">
    <groups>
    </groups>
    <test name="Default test" duration-ms="5912" started-at="2018-08-22T15:52:42Z" finished-at="2018-08-22T15:52:48Z">
      <class name="GlobalK.HomePage">
        <test-method status="PASS" signature="basePageNavigation()[pri:0, instance:GlobalK.HomePage@51efea79]" name="basePageNavigation" duration-ms="5895" started-at="2018-08-22T17:52:42Z" finished-at="2018-08-22T17:52:48Z">
          <reporter-output>
          </reporter-output>
        </test-method> <!-- basePageNavigation -->
      </class> <!-- GlobalK.HomePage -->
    </test> <!-- Default test -->
  </suite> <!-- Default suite -->
</testng-results>
